<?xml version="1.0" encoding="UTF-8"?>
<!-- Generated by org.testng.reporters.JUnitReportReporter -->
<testsuite hostname="DVCINH6092255" failures="0" tests="1" name="rahulshettyacademy.ErrorMsg" time="7.962" errors="0" timestamp="2024-03-10T18:23:20 IST" skipped="0">
  <testcase classname="rahulshettyacademy.ErrorMsg" name="Error_msg" time="7.962"/>
</testsuite> <!-- rahulshettyacademy.ErrorMsg -->
