<?xml version="1.0" encoding="UTF-8"?>
<!-- Generated by org.testng.reporters.JUnitReportReporter -->
<testsuite hostname="DVCINH6092255" failures="0" tests="2" name="rahulshettyacademy.standalonetest_copy" time="79.919" errors="0" timestamp="2024-02-23T14:12:29 IST" skipped="0">
  <testcase classname="rahulshettyacademy.standalonetest_copy" name="standalonetest_copy" time="41.663"/>
  <system-out/>
  <testcase classname="rahulshettyacademy.standalonetest_copy" name="standalonetest_copy" time="38.256"/>
  <system-out/>
</testsuite> <!-- rahulshettyacademy.standalonetest_copy -->
