<?xml version="1.0" encoding="UTF-8"?>
<!-- Generated by org.testng.reporters.JUnitReportReporter -->
<testsuite hostname="DVCINH6092255" failures="0" tests="1" name="rahulshettyacademy.ErrorMsg" time="8.503" errors="0" timestamp="2024-02-29T14:49:47 IST" skipped="0">
  <testcase classname="rahulshettyacademy.ErrorMsg" name="Error_msg" time="8.503"/>
  <system-out/>
</testsuite> <!-- rahulshettyacademy.ErrorMsg -->
