<?xml version="1.0" encoding="UTF-8"?>
<!-- Generated by org.testng.reporters.JUnitReportReporter -->
<testsuite hostname="DVCINH6092255" failures="0" tests="1" name="rahulshettyacademy.ExtentReports.ExtentReportDemo" time="7.763" errors="0" timestamp="2024-02-26T17:22:39 IST" skipped="0">
  <testcase classname="rahulshettyacademy.ExtentReports.ExtentReportDemo" name="initialdemo" time="7.763"/>
  <system-out/>
</testsuite> <!-- rahulshettyacademy.ExtentReports.ExtentReportDemo -->
